INFO | 2017-11-16 09:58:38,347 |        app | page_not_found | From URL:/favicon.ico
INFO | 2017-11-16 09:58:47,226 |        app | page_not_found | From URL:/favicon.ico
INFO | 2017-11-16 09:58:54,330 |        app | page_not_found | From URL:/favicon.ico
INFO | 2017-11-16 09:59:48,835 |        app | page_not_found | From URL:/favicon.ico
INFO | 2017-11-16 10:00:24,256 |        app | page_not_found | From URL:/favicon.ico
INFO | 2017-11-16 10:00:34,446 |        app | page_not_found | From URL:/favicon.ico
INFO | 2017-11-16 10:00:46,681 |        app | page_not_found | From URL:/favicon.ico
INFO | 2017-11-16 10:02:54,497 |        app | page_not_found | From URL:/favicon.ico
INFO | 2017-11-19 20:24:47,186 |        app | page_not_found | From URL:/favicon.ico
INFO | 2017-11-19 20:24:53,615 |        app | page_not_found | From URL:/favicon.ico
INFO | 2017-11-19 22:08:27,223 |        app | page_not_found | From URL:/favicon.ico
INFO | 2017-11-19 22:08:33,371 |        app | page_not_found | From URL:/design/
INFO | 2017-11-19 22:08:33,684 |        app | page_not_found | From URL:/favicon.ico
INFO | 2017-11-19 22:08:38,011 |        app | page_not_found | From URL:/favicon.ico
INFO | 2017-11-19 22:10:13,887 |        app | page_not_found | From URL:/favicon.ico
INFO | 2017-11-19 22:10:21,105 |        app | page_not_found | From URL:/favicon.ico
INFO | 2017-11-19 22:13:11,454 |        app | page_not_found | From URL:/favicon.ico
INFO | 2017-11-19 22:31:47,285 |        app | page_not_found | From URL:/favicon.ico
INFO | 2017-11-19 22:31:53,179 |        app | page_not_found | From URL:/favicon.ico
INFO | 2017-11-19 22:36:39,034 |        app | page_not_found | From URL:/favicon.ico
INFO | 2017-11-19 22:36:44,543 |        app | page_not_found | From URL:/favicon.ico
INFO | 2017-11-19 22:38:05,092 |        app | page_not_found | From URL:/favicon.ico
INFO | 2017-11-20 00:06:59,887 |        app | page_not_found | From URL:/favicon.ico
INFO | 2017-11-20 00:07:08,854 |        app | page_not_found | From URL:/design/
INFO | 2017-11-20 00:07:09,138 |        app | page_not_found | From URL:/favicon.ico
INFO | 2017-11-20 00:14:13,422 |        app | page_not_found | From URL:/favicon.ico
INFO | 2017-11-20 00:14:19,600 |        app | page_not_found | From URL:/static/static/font/Blanka-Regular.otf
INFO | 2017-11-20 00:14:19,926 |        app | page_not_found | From URL:/favicon.ico
INFO | 2017-11-20 11:26:26,118 |        app | page_not_found | From URL:/favicon.ico
INFO | 2017-11-20 11:33:10,237 |        app | page_not_found | From URL:/favicon.ico
INFO | 2017-11-20 15:06:00,013 |        app | page_not_found | From URL:/favicon.ico
INFO | 2017-11-20 16:42:26,996 |        app | page_not_found | From URL:/favicon.ico
INFO | 2017-11-20 16:43:32,116 |        app | page_not_found | From URL:/favicon.ico
INFO | 2017-11-21 15:52:52,205 |        app | page_not_found | From URL:/favicon.ico
INFO | 2017-11-21 15:54:40,636 |        app | page_not_found | From URL:/favicon.ico
INFO | 2017-11-21 15:54:43,553 |        app | page_not_found | From URL:/favicon.ico
INFO | 2017-11-21 15:55:25,161 |        app | page_not_found | From URL:/favicon.ico
INFO | 2017-11-21 15:55:33,931 |        app | page_not_found | From URL:/static/static/font/Blanka-Regular.otf
INFO | 2017-11-21 15:55:34,246 |        app | page_not_found | From URL:/favicon.ico
INFO | 2017-11-21 17:00:51,860 |        app | page_not_found | From URL:/static/static/font/Blanka-Regular.otf
INFO | 2017-11-21 17:00:51,952 |        app | page_not_found | From URL:/favicon.ico
INFO | 2017-11-21 17:09:26,597 |        app | page_not_found | From URL:/static/static/font/Blanka-Regular.otf
INFO | 2017-11-21 17:09:26,724 |        app | page_not_found | From URL:/favicon.ico
INFO | 2017-11-21 17:24:33,834 |        app | page_not_found | From URL:/static/static/font/Blanka-Regular.otf
INFO | 2017-11-21 17:24:34,007 |        app | page_not_found | From URL:/favicon.ico
INFO | 2017-11-21 17:30:20,297 |        app | page_not_found | From URL:/static/static/font/Blanka-Regular.otf
INFO | 2017-11-21 17:30:20,417 |        app | page_not_found | From URL:/favicon.ico
INFO | 2017-11-21 17:30:33,140 |        app | page_not_found | From URL:/static/static/font/Blanka-Regular.otf
INFO | 2017-11-21 17:30:33,278 |        app | page_not_found | From URL:/favicon.ico
INFO | 2017-11-21 17:32:29,847 |        app | page_not_found | From URL:/static/static/font/Blanka-Regular.otf
INFO | 2017-11-21 17:32:29,957 |        app | page_not_found | From URL:/favicon.ico
INFO | 2017-11-21 17:42:34,698 |        app | page_not_found | From URL:/static/static/font/Blanka-Regular.otf
INFO | 2017-11-21 17:42:34,866 |        app | page_not_found | From URL:/favicon.ico
INFO | 2017-11-21 17:48:24,338 |        app | page_not_found | From URL:/static/static/font/Blanka-Regular.otf
INFO | 2017-11-21 17:48:24,460 |        app | page_not_found | From URL:/favicon.ico
INFO | 2017-11-21 18:10:36,162 |        app | page_not_found | From URL:/static/static/font/Blanka-Regular.otf
INFO | 2017-11-21 18:10:36,300 |        app | page_not_found | From URL:/favicon.ico
INFO | 2017-11-21 18:21:07,182 |        app | page_not_found | From URL:/static/static/font/Blanka-Regular.otf
INFO | 2017-11-21 18:21:07,307 |        app | page_not_found | From URL:/favicon.ico
INFO | 2017-11-21 18:23:11,095 |        app | page_not_found | From URL:/static/static/font/Blanka-Regular.otf
INFO | 2017-11-21 18:23:11,237 |        app | page_not_found | From URL:/favicon.ico
INFO | 2017-11-21 18:27:49,902 |        app | page_not_found | From URL:/static/static/font/Blanka-Regular.otf
INFO | 2017-11-21 18:27:50,040 |        app | page_not_found | From URL:/favicon.ico
INFO | 2017-11-21 19:02:21,572 |        app | page_not_found | From URL:/favicon.ico
INFO | 2017-11-21 19:21:53,282 |        app | page_not_found | From URL:/favicon.ico
INFO | 2017-11-21 19:26:47,594 |        app | page_not_found | From URL:/favicon.ico
INFO | 2017-11-21 19:32:45,891 |        app | page_not_found | From URL:/favicon.ico
INFO | 2017-11-21 19:52:38,776 |        app | page_not_found | From URL:/login
INFO | 2017-11-21 19:52:42,326 |        app | page_not_found | From URL:/favicon.ico
INFO | 2017-11-21 19:52:59,869 |        app | page_not_found | From URL:/favicon.ico
INFO | 2017-11-21 20:23:52,717 |        app | page_not_found | From URL:/favicon.ico
INFO | 2017-11-21 20:43:10,640 |        app | page_not_found | From URL:/favicon.ico
INFO | 2017-11-21 21:45:15,873 |        app | page_not_found | From URL:/favicon.ico
INFO | 2017-11-21 21:45:47,021 |        app | page_not_found | From URL:/favicon.ico
INFO | 2017-11-22 00:14:36,207 |        app | page_not_found | From URL:/favicon.ico
INFO | 2017-11-22 00:15:13,377 |        app | page_not_found | From URL:/favicon.ico
INFO | 2017-11-22 00:31:19,480 |        app | page_not_found | From URL:/favicon.ico
INFO | 2017-11-22 06:44:05,894 |        app | page_not_found | From URL:/favicon.ico
INFO | 2017-11-22 06:46:35,203 |        app | page_not_found | From URL:/favicon.ico
INFO | 2017-11-22 06:57:46,876 |        app | page_not_found | From URL:/favicon.ico
INFO | 2017-11-22 09:56:10,910 |        app | page_not_found | From URL:/favicon.ico
INFO | 2017-11-22 10:10:23,077 |        app | page_not_found | From URL:/favicon.ico
INFO | 2017-11-22 10:11:21,443 |        app | page_not_found | From URL:/favicon.ico
INFO | 2017-11-22 10:34:06,648 |        app | page_not_found | From URL:/favicon.ico
INFO | 2017-11-22 12:57:11,311 |        app | page_not_found | From URL:/favicon.ico
INFO | 2017-11-22 12:57:26,920 |        app | page_not_found | From URL:/favicon.ico
INFO | 2017-11-22 13:38:30,527 |        app | page_not_found | From URL:/favicon.ico
INFO | 2017-11-22 14:07:14,619 |        app | page_not_found | From URL:/favicon.ico
INFO | 2017-11-22 14:14:39,062 |        app | page_not_found | From URL:/favicon.ico
INFO | 2017-11-22 14:29:00,864 |        app | page_not_found | From URL:/favicon.ico
INFO | 2017-11-22 14:46:23,005 |        app | page_not_found | From URL:/static/js/hide.js
INFO | 2017-11-22 14:46:23,283 |        app | page_not_found | From URL:/favicon.ico
INFO | 2017-11-22 14:47:06,051 |        app | page_not_found | From URL:/static/js/hide.js
INFO | 2017-11-22 14:47:06,260 |        app | page_not_found | From URL:/favicon.ico
INFO | 2017-11-22 16:32:07,932 |        app | page_not_found | From URL:/favicon.ico
INFO | 2017-11-22 16:53:30,629 |        app | page_not_found | From URL:/favicon.ico
INFO | 2017-11-22 16:54:11,789 |        app | page_not_found | From URL:/favicon.ico
INFO | 2017-11-22 16:54:19,073 |        app | page_not_found | From URL:/favicon.ico
INFO | 2017-11-22 16:54:26,592 |        app | page_not_found | From URL:/favicon.ico
INFO | 2017-11-22 17:05:45,392 |        app | page_not_found | From URL:/favicon.ico
INFO | 2017-11-22 17:26:08,228 |        app | page_not_found | From URL:/favicon.ico
INFO | 2017-11-22 17:27:17,493 |        app | page_not_found | From URL:/favicon.ico
INFO | 2017-11-22 17:31:12,635 |        app | page_not_found | From URL:/favicon.ico
INFO | 2017-11-22 17:31:21,928 |        app | page_not_found | From URL:/favicon.ico
INFO | 2017-11-22 17:35:46,408 |        app | page_not_found | From URL:/favicon.ico
INFO | 2017-11-22 17:36:32,855 |        app | page_not_found | From URL:/favicon.ico
INFO | 2017-11-22 17:36:46,185 |        app | page_not_found | From URL:/favicon.ico
INFO | 2017-11-22 17:39:34,795 |        app | page_not_found | From URL:/favicon.ico
INFO | 2017-11-22 17:50:36,737 |        app | page_not_found | From URL:/favicon.ico
INFO | 2017-11-22 18:04:15,670 |        app | page_not_found | From URL:/favicon.ico
INFO | 2017-11-22 18:20:44,106 |        app | page_not_found | From URL:/favicon.ico
INFO | 2017-11-22 18:27:49,616 |        app | page_not_found | From URL:/favicon.ico
INFO | 2017-11-22 18:35:42,872 |        app | page_not_found | From URL:/favicon.ico
INFO | 2017-11-22 18:47:39,319 |        app | page_not_found | From URL:/favicon.ico
INFO | 2017-11-22 18:54:12,596 |        app | page_not_found | From URL:/favicon.ico
INFO | 2017-11-22 18:54:27,885 |        app | page_not_found | From URL:/favicon.ico
INFO | 2017-11-22 20:06:30,225 |        app | page_not_found | From URL:/favicon.ico
INFO | 2017-11-22 20:08:41,014 |        app | page_not_found | From URL:/favicon.ico
INFO | 2017-11-22 20:10:27,212 |        app | page_not_found | From URL:/favicon.ico
INFO | 2017-11-22 20:12:59,695 |        app | page_not_found | From URL:/favicon.ico
INFO | 2017-11-22 20:14:47,492 |        app | page_not_found | From URL:/favicon.ico
INFO | 2017-11-22 20:18:00,086 |        app | page_not_found | From URL:/favicon.ico
INFO | 2017-11-22 20:18:11,287 |        app | page_not_found | From URL:/favicon.ico
INFO | 2017-11-22 20:37:27,285 |        app | page_not_found | From URL:/favicon.ico
INFO | 2017-11-22 20:43:44,453 |        app | page_not_found | From URL:/favicon.ico
INFO | 2017-11-22 20:47:53,310 |        app | page_not_found | From URL:/favicon.ico
INFO | 2017-11-22 20:54:17,611 |        app | page_not_found | From URL:/favicon.ico
INFO | 2017-11-22 20:57:04,032 |        app | page_not_found | From URL:/favicon.ico
INFO | 2017-11-22 20:57:55,930 |        app | page_not_found | From URL:/favicon.ico
INFO | 2017-11-22 20:58:42,123 |        app | page_not_found | From URL:/favicon.ico
INFO | 2017-11-22 21:00:43,203 |        app | page_not_found | From URL:/favicon.ico
INFO | 2017-11-22 21:01:04,557 |        app | page_not_found | From URL:/favicon.ico
INFO | 2017-11-22 21:01:45,759 |        app | page_not_found | From URL:/favicon.ico
INFO | 2017-11-22 21:08:10,689 |        app | page_not_found | From URL:/favicon.ico
INFO | 2017-11-22 21:10:51,743 |        app | page_not_found | From URL:/favicon.ico
INFO | 2017-11-22 22:35:13,033 |        app | page_not_found | From URL:/favicon.ico
